TN:
SF:/home/rampage/Desktop/work/repos/private/@rxdi/graphql/development/decorators/index.ts
FNF:0
FNH:0
DA:1,7
DA:2,7
DA:3,7
DA:4,7
DA:5,7
DA:6,7
DA:7,7
DA:8,7
DA:9,7
DA:10,7
LF:10
LH:10
BRF:0
BRH:0
end_of_record
TN:
SF:/home/rampage/Desktop/work/repos/private/@rxdi/graphql/development/decorators/effect-name/effect-name.decorator.ts
FN:2,EffectName
FN:4,(anonymous_1)
FN:8,(anonymous_2)
FNF:3
FNH:3
FNDA:1,EffectName
FNDA:1,(anonymous_1)
FNDA:1,(anonymous_2)
DA:2,1
DA:3,1
DA:4,1
DA:5,1
DA:6,1
DA:7,1
DA:8,1
DA:9,1
DA:10,1
DA:11,1
DA:13,1
DA:14,1
DA:15,1
LF:13
LH:13
BRDA:13,0,0,1
BRDA:13,0,1,0
BRF:2
BRH:1
end_of_record
TN:
SF:/home/rampage/Desktop/work/repos/private/@rxdi/graphql/development/decorators/mutation/index.ts
FNF:0
FNH:0
DA:1,7
LF:1
LH:1
BRF:0
BRH:0
end_of_record
TN:
SF:/home/rampage/Desktop/work/repos/private/@rxdi/graphql/development/decorators/mutation/mutation.decorator.ts
FN:2,Mutation
FN:3,(anonymous_1)
FN:7,(anonymous_2)
FNF:3
FNH:3
FNDA:1,Mutation
FNDA:1,(anonymous_1)
FNDA:1,(anonymous_2)
DA:2,7
DA:3,1
DA:4,1
DA:5,1
DA:6,1
DA:7,1
DA:8,1
DA:9,1
DA:10,1
DA:11,1
DA:12,1
DA:13,1
DA:14,1
DA:16,1
DA:17,1
DA:18,1
LF:16
LH:16
BRDA:10,0,0,1
BRDA:10,0,1,0
BRDA:16,1,0,1
BRDA:16,1,1,1
BRF:4
BRH:3
end_of_record
TN:
SF:/home/rampage/Desktop/work/repos/private/@rxdi/graphql/development/decorators/object-type/index.ts
FNF:0
FNH:0
DA:1,7
LF:1
LH:1
BRF:0
BRH:0
end_of_record
TN:
SF:/home/rampage/Desktop/work/repos/private/@rxdi/graphql/development/decorators/object-type/object-type.decorator.ts
FN:3,GapiObjectType
FN:4,(anonymous_1)
FN:7,(anonymous_2)
FN:9,(anonymous_3)
FN:14,(anonymous_4)
FNF:5
FNH:4
FNDA:6,GapiObjectType
FNDA:6,(anonymous_1)
FNDA:10,(anonymous_2)
FNDA:0,(anonymous_3)
FNDA:8,(anonymous_4)
DA:1,7
DA:3,7
DA:4,6
DA:5,6
DA:6,6
DA:7,10
DA:8,6
DA:9,0
DA:11,6
DA:12,1
DA:14,5
DA:15,8
LF:12
LH:11
BRDA:8,0,0,0
BRDA:8,0,1,6
BRDA:8,1,0,6
BRDA:8,1,1,0
BRDA:11,2,0,1
BRDA:11,2,1,5
BRDA:11,3,0,6
BRDA:11,3,1,1
BRDA:15,4,0,0
BRDA:15,4,1,8
BRDA:15,5,0,8
BRDA:15,5,1,0
BRF:12
BRH:8
end_of_record
TN:
SF:/home/rampage/Desktop/work/repos/private/@rxdi/graphql/development/decorators/of-type/index.ts
FNF:0
FNH:0
DA:1,7
LF:1
LH:1
BRF:0
BRH:0
end_of_record
TN:
SF:/home/rampage/Desktop/work/repos/private/@rxdi/graphql/development/decorators/of-type/of-type.decorator.ts
FN:4,OfType
FN:5,(anonymous_7)
FN:10,(anonymous_8)
FN:10,(anonymous_9)
FNF:4
FNH:0
FNDA:0,OfType
FNDA:0,(anonymous_7)
FNDA:0,(anonymous_8)
FNDA:0,(anonymous_9)
DA:1,7
DA:2,7
DA:3,7
DA:4,7
DA:5,0
DA:6,0
DA:7,0
DA:8,0
DA:10,0
DA:11,0
DA:12,0
DA:13,0
LF:12
LH:4
BRF:0
BRH:0
end_of_record
TN:
SF:/home/rampage/Desktop/work/repos/private/@rxdi/graphql/development/decorators/public/index.ts
FNF:0
FNH:0
DA:1,7
LF:1
LH:1
BRF:0
BRH:0
end_of_record
TN:
SF:/home/rampage/Desktop/work/repos/private/@rxdi/graphql/development/decorators/public/public.decorator.ts
FN:2,Public
FN:4,(anonymous_1)
FN:9,(anonymous_2)
FNF:3
FNH:3
FNDA:1,Public
FNDA:1,(anonymous_1)
FNDA:1,(anonymous_2)
DA:2,7
DA:3,1
DA:4,1
DA:5,1
DA:6,1
DA:7,1
DA:8,1
DA:9,1
DA:10,1
DA:11,1
DA:12,1
DA:14,1
DA:15,1
DA:16,1
LF:14
LH:14
BRDA:14,0,0,1
BRDA:14,0,1,0
BRF:2
BRH:1
end_of_record
TN:
SF:/home/rampage/Desktop/work/repos/private/@rxdi/graphql/development/decorators/query/index.ts
FNF:0
FNH:0
DA:1,7
LF:1
LH:1
BRF:0
BRH:0
end_of_record
TN:
SF:/home/rampage/Desktop/work/repos/private/@rxdi/graphql/development/decorators/query/query.decorator.ts
FN:26,Query
FN:27,(anonymous_1)
FN:31,(anonymous_2)
FNF:3
FNH:3
FNDA:5,Query
FNDA:5,(anonymous_1)
FNDA:5,(anonymous_2)
DA:26,7
DA:27,5
DA:28,5
DA:29,5
DA:30,5
DA:31,5
DA:32,5
DA:33,5
DA:34,5
DA:35,5
DA:36,5
DA:37,5
DA:38,5
DA:40,5
DA:41,5
DA:42,5
LF:16
LH:16
BRDA:34,0,0,1
BRDA:34,0,1,4
BRDA:40,1,0,5
BRDA:40,1,1,5
BRF:4
BRH:4
end_of_record
TN:
SF:/home/rampage/Desktop/work/repos/private/@rxdi/graphql/development/decorators/resolver/index.ts
FNF:0
FNH:0
DA:1,7
LF:1
LH:1
BRF:0
BRH:0
end_of_record
TN:
SF:/home/rampage/Desktop/work/repos/private/@rxdi/graphql/development/decorators/resolver/resolver.decorator.ts
FN:7,Resolve
FN:8,(anonymous_1)
FNF:2
FNH:0
FNDA:0,Resolve
FNDA:0,(anonymous_1)
DA:7,7
DA:8,0
DA:9,0
DA:10,0
DA:11,0
DA:12,0
DA:13,0
DA:14,0
LF:8
LH:1
BRDA:11,0,0,0
BRDA:11,0,1,0
BRF:2
BRH:0
end_of_record
TN:
SF:/home/rampage/Desktop/work/repos/private/@rxdi/graphql/development/decorators/scope/index.ts
FNF:0
FNH:0
DA:1,7
LF:1
LH:1
BRF:0
BRH:0
end_of_record
TN:
SF:/home/rampage/Desktop/work/repos/private/@rxdi/graphql/development/decorators/scope/scope.decorator.ts
FN:2,Scope
FN:5,(anonymous_1)
FN:10,(anonymous_2)
FNF:3
FNH:3
FNDA:3,Scope
FNDA:3,(anonymous_1)
FNDA:3,(anonymous_2)
DA:2,7
DA:3,3
DA:5,3
DA:6,3
DA:7,3
DA:8,3
DA:9,3
DA:10,3
DA:11,3
DA:12,3
DA:13,3
DA:15,3
DA:16,3
DA:17,3
LF:14
LH:14
BRDA:15,0,0,3
BRDA:15,0,1,0
BRF:2
BRH:1
end_of_record
TN:
SF:/home/rampage/Desktop/work/repos/private/@rxdi/graphql/development/decorators/type/index.ts
FNF:0
FNH:0
DA:1,7
LF:1
LH:1
BRF:0
BRH:0
end_of_record
TN:
SF:/home/rampage/Desktop/work/repos/private/@rxdi/graphql/development/decorators/type/type.decorator.ts
FN:3,Type
FN:9,(anonymous_1)
FN:13,(anonymous_2)
FNF:3
FNH:3
FNDA:3,Type
FNDA:3,(anonymous_1)
FNDA:3,(anonymous_2)
DA:1,7
DA:3,7
DA:4,3
DA:5,3
DA:6,3
DA:8,3
DA:9,3
DA:10,3
DA:11,3
DA:12,3
DA:13,3
DA:14,3
DA:15,3
DA:16,3
DA:18,3
DA:19,3
DA:21,3
LF:17
LH:17
BRDA:5,0,0,3
BRDA:5,0,1,0
BRDA:18,1,0,3
BRDA:18,1,1,0
BRF:4
BRH:2
end_of_record
TN:
SF:/home/rampage/Desktop/work/repos/private/@rxdi/graphql/development/decorators/type-injector/index.ts
FNF:0
FNH:0
DA:1,7
LF:1
LH:1
BRF:0
BRH:0
end_of_record
TN:
SF:/home/rampage/Desktop/work/repos/private/@rxdi/graphql/development/decorators/type-injector/type-injector.ts
FN:3,InjectTypePrivate
FN:12,TypeInjector
FN:13,(anonymous_2)
FN:19,InjectType
FNF:4
FNH:2
FNDA:3,InjectTypePrivate
FNDA:0,TypeInjector
FNDA:0,(anonymous_2)
FNDA:3,InjectType
DA:1,7
DA:4,3
DA:5,3
DA:6,1
DA:8,3
DA:12,7
DA:13,0
DA:14,0
DA:15,0
DA:19,7
DA:20,3
LF:11
LH:8
BRDA:5,0,0,1
BRDA:5,0,1,2
BRF:2
BRH:2
end_of_record
TN:
SF:/home/rampage/Desktop/work/repos/private/@rxdi/graphql/development/services/effect.service.ts
FN:5,(anonymous_2)
FNF:1
FNH:0
FNDA:0,(anonymous_2)
DA:1,7
DA:4,7
DA:8,0
LF:3
LH:2
BRF:0
BRH:0
end_of_record
